
AVRASM ver. 2.1.30  C:\Users\정민규\Desktop\마이크로프로세서2\TWI\twi_send_message_slave\Debug\List\twi_send_message_slave.asm Fri Oct 15 00:39:12 2021

C:\Users\정민규\Desktop\마이크로프로세서2\TWI\twi_send_message_slave\Debug\List\twi_send_message_slave.asm(1416): warning: Register r5 already defined by the .DEF directive
                 
                 
                 ;CodeVisionAVR C Compiler V3.45 
                 ;(C) Copyright 1998-2021 Pavel Haiduc, HP InfoTech S.R.L.
                 ;http://www.hpinfotech.ro
                 
                 ;Build configuration    : Debug
                 ;Chip type              : ATmega128
                 ;Program type           : Application
                 ;Clock frequency        : 14.745600 MHz
                 ;Memory model           : Small
                 ;Optimize for           : Size
                 ;(s)printf features     : int, width
                 ;(s)scanf features      : int, width
                 ;External RAM size      : 0
                 ;Data Stack size        : 1024 byte(s)
                 ;Heap size              : 0 byte(s)
                 ;Promote 'char' to 'int': Yes
                 ;'char' is unsigned     : Yes
                 ;8 bit enums            : Yes
                 ;Global 'const' stored in FLASH: No
                 ;Enhanced function parameter passing: Mode 2
                 ;Enhanced core instructions: On
                 ;Automatic register allocation for global variables: On
                 ;Smart register allocation: On
                 
                 	#define _MODEL_SMALL_
                 
                 	#pragma AVRPART ADMIN PART_NAME ATmega128
                 	#pragma AVRPART MEMORY PROG_FLASH 131072
                 	#pragma AVRPART MEMORY EEPROM 4096
                 	#pragma AVRPART MEMORY INT_SRAM SIZE 4096
                 	#pragma AVRPART MEMORY INT_SRAM START_ADDR 0x100
                 
                 	#define CALL_SUPPORTED 1
                 
                 	.LISTMAC
                 	.EQU UDRE=0x5
                 	.EQU RXC=0x7
                 	.EQU USR=0xB
                 	.EQU UDR=0xC
                 	.EQU SPSR=0xE
                 	.EQU SPDR=0xF
                 	.EQU EERE=0x0
                 	.EQU EEWE=0x1
                 	.EQU EEMWE=0x2
                 	.EQU EECR=0x1C
                 	.EQU EEDR=0x1D
                 	.EQU EEARL=0x1E
                 	.EQU EEARH=0x1F
                 	.EQU WDTCR=0x21
                 	.EQU MCUCR=0x35
                 	.EQU RAMPZ=0x3B
                 	.EQU SPL=0x3D
                 	.EQU SPH=0x3E
                 	.EQU SREG=0x3F
                 	.EQU XMCRA=0x6D
                 	.EQU XMCRB=0x6C
                 
                 	.DEF R0X0=R0
                 	.DEF R0X1=R1
                 	.DEF R0X2=R2
                 	.DEF R0X3=R3
                 	.DEF R0X4=R4
                 	.DEF R0X5=R5
                 	.DEF R0X6=R6
                 	.DEF R0X7=R7
                 	.DEF R0X8=R8
                 	.DEF R0X9=R9
                 	.DEF R0XA=R10
                 	.DEF R0XB=R11
                 	.DEF R0XC=R12
                 	.DEF R0XD=R13
                 	.DEF R0XE=R14
                 	.DEF R0XF=R15
                 	.DEF R0X10=R16
                 	.DEF R0X11=R17
                 	.DEF R0X12=R18
                 	.DEF R0X13=R19
                 	.DEF R0X14=R20
                 	.DEF R0X15=R21
                 	.DEF R0X16=R22
                 	.DEF R0X17=R23
                 	.DEF R0X18=R24
                 	.DEF R0X19=R25
                 	.DEF R0X1A=R26
                 	.DEF R0X1B=R27
                 	.DEF R0X1C=R28
                 	.DEF R0X1D=R29
                 	.DEF R0X1E=R30
                 	.DEF R0X1F=R31
                 
                 	.EQU __SRAM_START=0x0100
                 	.EQU __SRAM_END=0x10FF
                 	.EQU __DSTACK_SIZE=0x0400
                 	.EQU __HEAP_SIZE=0x0000
                 	.EQU __CLEAR_SRAM_SIZE=__SRAM_END-__SRAM_START+1
                 
                 	.MACRO __CPD1N
                 	CPI  R30,LOW(@0)
                 	LDI  R26,HIGH(@0)
                 	CPC  R31,R26
                 	LDI  R26,BYTE3(@0)
                 	CPC  R22,R26
                 	LDI  R26,BYTE4(@0)
                 	CPC  R23,R26
                 	.ENDM
                 
                 	.MACRO __CPD2N
                 	CPI  R26,LOW(@0)
                 	LDI  R30,HIGH(@0)
                 	CPC  R27,R30
                 	LDI  R30,BYTE3(@0)
                 	CPC  R24,R30
                 	LDI  R30,BYTE4(@0)
                 	CPC  R25,R30
                 	.ENDM
                 
                 	.MACRO __CPWRR
                 	CP   R@0,R@2
                 	CPC  R@1,R@3
                 	.ENDM
                 
                 	.MACRO __CPWRN
                 	CPI  R@0,LOW(@2)
                 	LDI  R30,HIGH(@2)
                 	CPC  R@1,R30
                 	.ENDM
                 
                 	.MACRO __ADDB1MN
                 	SUBI R30,LOW(-@0-(@1))
                 	.ENDM
                 
                 	.MACRO __ADDB2MN
                 	SUBI R26,LOW(-@0-(@1))
                 	.ENDM
                 
                 	.MACRO __ADDW1MN
                 	SUBI R30,LOW(-@0-(@1))
                 	SBCI R31,HIGH(-@0-(@1))
                 	.ENDM
                 
                 	.MACRO __ADDW2MN
                 	SUBI R26,LOW(-@0-(@1))
                 	SBCI R27,HIGH(-@0-(@1))
                 	.ENDM
                 
                 	.MACRO __ADDW1FN
                 	SUBI R30,LOW(-2*@0-(@1))
                 	SBCI R31,HIGH(-2*@0-(@1))
                 	.ENDM
                 
                 	.MACRO __ADDD1FN
                 	SUBI R30,LOW(-2*@0-(@1))
                 	SBCI R31,HIGH(-2*@0-(@1))
                 	SBCI R22,BYTE3(-2*@0-(@1))
                 	.ENDM
                 
                 	.MACRO __ADDD1N
                 	SUBI R30,LOW(-@0)
                 	SBCI R31,HIGH(-@0)
                 	SBCI R22,BYTE3(-@0)
                 	SBCI R23,BYTE4(-@0)
                 	.ENDM
                 
                 	.MACRO __ADDD2N
                 	SUBI R26,LOW(-@0)
                 	SBCI R27,HIGH(-@0)
                 	SBCI R24,BYTE3(-@0)
                 	SBCI R25,BYTE4(-@0)
                 	.ENDM
                 
                 	.MACRO __SUBD1N
                 	SUBI R30,LOW(@0)
                 	SBCI R31,HIGH(@0)
                 	SBCI R22,BYTE3(@0)
                 	SBCI R23,BYTE4(@0)
                 	.ENDM
                 
                 	.MACRO __SUBD2N
                 	SUBI R26,LOW(@0)
                 	SBCI R27,HIGH(@0)
                 	SBCI R24,BYTE3(@0)
                 	SBCI R25,BYTE4(@0)
                 	.ENDM
                 
                 	.MACRO __ANDBMNN
                 	LDS  R30,@0+(@1)
                 	ANDI R30,LOW(@2)
                 	STS  @0+(@1),R30
                 	.ENDM
                 
                 	.MACRO __ANDWMNN
                 	LDS  R30,@0+(@1)
                 	ANDI R30,LOW(@2)
                 	STS  @0+(@1),R30
                 	LDS  R30,@0+(@1)+1
                 	ANDI R30,HIGH(@2)
                 	STS  @0+(@1)+1,R30
                 	.ENDM
                 
                 	.MACRO __ANDD1N
                 	ANDI R30,LOW(@0)
                 	ANDI R31,HIGH(@0)
                 	ANDI R22,BYTE3(@0)
                 	ANDI R23,BYTE4(@0)
                 	.ENDM
                 
                 	.MACRO __ANDD2N
                 	ANDI R26,LOW(@0)
                 	ANDI R27,HIGH(@0)
                 	ANDI R24,BYTE3(@0)
                 	ANDI R25,BYTE4(@0)
                 	.ENDM
                 
                 	.MACRO __ORBMNN
                 	LDS  R30,@0+(@1)
                 	ORI  R30,LOW(@2)
                 	STS  @0+(@1),R30
                 	.ENDM
                 
                 	.MACRO __ORWMNN
                 	LDS  R30,@0+(@1)
                 	ORI  R30,LOW(@2)
                 	STS  @0+(@1),R30
                 	LDS  R30,@0+(@1)+1
                 	ORI  R30,HIGH(@2)
                 	STS  @0+(@1)+1,R30
                 	.ENDM
                 
                 	.MACRO __ORD1N
                 	ORI  R30,LOW(@0)
                 	ORI  R31,HIGH(@0)
                 	ORI  R22,BYTE3(@0)
                 	ORI  R23,BYTE4(@0)
                 	.ENDM
                 
                 	.MACRO __ORD2N
                 	ORI  R26,LOW(@0)
                 	ORI  R27,HIGH(@0)
                 	ORI  R24,BYTE3(@0)
                 	ORI  R25,BYTE4(@0)
                 	.ENDM
                 
                 	.MACRO __DELAY_USB
                 	LDI  R24,LOW(@0)
                 __DELAY_USB_LOOP:
                 	DEC  R24
                 	BRNE __DELAY_USB_LOOP
                 	.ENDM
                 
                 	.MACRO __DELAY_USW
                 	LDI  R24,LOW(@0)
                 	LDI  R25,HIGH(@0)
                 __DELAY_USW_LOOP:
                 	SBIW R24,1
                 	BRNE __DELAY_USW_LOOP
                 	.ENDM
                 
                 	.MACRO __GETW1P
                 	LD   R30,X+
                 	LD   R31,X
                 	SBIW R26,1
                 	.ENDM
                 
                 	.MACRO __GETD1S
                 	LDD  R30,Y+@0
                 	LDD  R31,Y+@0+1
                 	LDD  R22,Y+@0+2
                 	LDD  R23,Y+@0+3
                 	.ENDM
                 
                 	.MACRO __GETD2S
                 	LDD  R26,Y+@0
                 	LDD  R27,Y+@0+1
                 	LDD  R24,Y+@0+2
                 	LDD  R25,Y+@0+3
                 	.ENDM
                 
                 	.MACRO __GETD1P_INC
                 	LD   R30,X+
                 	LD   R31,X+
                 	LD   R22,X+
                 	LD   R23,X+
                 	.ENDM
                 
                 	.MACRO __GETD1P_DEC
                 	LD   R23,-X
                 	LD   R22,-X
                 	LD   R31,-X
                 	LD   R30,-X
                 	.ENDM
                 
                 	.MACRO __PUTDP1
                 	ST   X+,R30
                 	ST   X+,R31
                 	ST   X+,R22
                 	ST   X,R23
                 	.ENDM
                 
                 	.MACRO __PUTDP1_DEC
                 	ST   -X,R23
                 	ST   -X,R22
                 	ST   -X,R31
                 	ST   -X,R30
                 	.ENDM
                 
                 	.MACRO __PUTD1S
                 	STD  Y+@0,R30
                 	STD  Y+@0+1,R31
                 	STD  Y+@0+2,R22
                 	STD  Y+@0+3,R23
                 	.ENDM
                 
                 	.MACRO __PUTD2S
                 	STD  Y+@0,R26
                 	STD  Y+@0+1,R27
                 	STD  Y+@0+2,R24
                 	STD  Y+@0+3,R25
                 	.ENDM
                 
                 	.MACRO __PUTDZ2
                 	STD  Z+@0,R26
                 	STD  Z+@0+1,R27
                 	STD  Z+@0+2,R24
                 	STD  Z+@0+3,R25
                 	.ENDM
                 
                 	.MACRO __CLRD1S
                 	STD  Y+@0,R30
                 	STD  Y+@0+1,R30
                 	STD  Y+@0+2,R30
                 	STD  Y+@0+3,R30
                 	.ENDM
                 
                 	.MACRO __CPD10
                 	SBIW R30,0
                 	SBCI R22,0
                 	SBCI R23,0
                 	.ENDM
                 
                 	.MACRO __CPD20
                 	SBIW R26,0
                 	SBCI R24,0
                 	SBCI R25,0
                 	.ENDM
                 
                 	.MACRO __ADDD12
                 	ADD  R30,R26
                 	ADC  R31,R27
                 	ADC  R22,R24
                 	ADC  R23,R25
                 	.ENDM
                 
                 	.MACRO __ADDD21
                 	ADD  R26,R30
                 	ADC  R27,R31
                 	ADC  R24,R22
                 	ADC  R25,R23
                 	.ENDM
                 
                 	.MACRO __SUBD12
                 	SUB  R30,R26
                 	SBC  R31,R27
                 	SBC  R22,R24
                 	SBC  R23,R25
                 	.ENDM
                 
                 	.MACRO __SUBD21
                 	SUB  R26,R30
                 	SBC  R27,R31
                 	SBC  R24,R22
                 	SBC  R25,R23
                 	.ENDM
                 
                 	.MACRO __ANDD12
                 	AND  R30,R26
                 	AND  R31,R27
                 	AND  R22,R24
                 	AND  R23,R25
                 	.ENDM
                 
                 	.MACRO __ORD12
                 	OR   R30,R26
                 	OR   R31,R27
                 	OR   R22,R24
                 	OR   R23,R25
                 	.ENDM
                 
                 	.MACRO __XORD12
                 	EOR  R30,R26
                 	EOR  R31,R27
                 	EOR  R22,R24
                 	EOR  R23,R25
                 	.ENDM
                 
                 	.MACRO __XORD21
                 	EOR  R26,R30
                 	EOR  R27,R31
                 	EOR  R24,R22
                 	EOR  R25,R23
                 	.ENDM
                 
                 	.MACRO __COMD1
                 	COM  R30
                 	COM  R31
                 	COM  R22
                 	COM  R23
                 	.ENDM
                 
                 	.MACRO __MULD2_2
                 	LSL  R26
                 	ROL  R27
                 	ROL  R24
                 	ROL  R25
                 	.ENDM
                 
                 	.MACRO __LSRD1
                 	LSR  R23
                 	ROR  R22
                 	ROR  R31
                 	ROR  R30
                 	.ENDM
                 
                 	.MACRO __LSLD1
                 	LSL  R30
                 	ROL  R31
                 	ROL  R22
                 	ROL  R23
                 	.ENDM
                 
                 	.MACRO __ASRB4
                 	ASR  R30
                 	ASR  R30
                 	ASR  R30
                 	ASR  R30
                 	.ENDM
                 
                 	.MACRO __ASRW8
                 	MOV  R30,R31
                 	CLR  R31
                 	SBRC R30,7
                 	SER  R31
                 	.ENDM
                 
                 	.MACRO __LSRD16
                 	MOV  R30,R22
                 	MOV  R31,R23
                 	LDI  R22,0
                 	LDI  R23,0
                 	.ENDM
                 
                 	.MACRO __LSLD16
                 	MOV  R22,R30
                 	MOV  R23,R31
                 	LDI  R30,0
                 	LDI  R31,0
                 	.ENDM
                 
                 	.MACRO __CWD1
                 	MOV  R22,R31
                 	ADD  R22,R22
                 	SBC  R22,R22
                 	MOV  R23,R22
                 	.ENDM
                 
                 	.MACRO __CWD2
                 	MOV  R24,R27
                 	ADD  R24,R24
                 	SBC  R24,R24
                 	MOV  R25,R24
                 	.ENDM
                 
                 	.MACRO __SETMSD1
                 	SER  R31
                 	SER  R22
                 	SER  R23
                 	.ENDM
                 
                 	.MACRO __ADDW1R15
                 	CLR  R0
                 	ADD  R30,R15
                 	ADC  R31,R0
                 	.ENDM
                 
                 	.MACRO __ADDW2R15
                 	CLR  R0
                 	ADD  R26,R15
                 	ADC  R27,R0
                 	.ENDM
                 
                 	.MACRO __EQB12
                 	CP   R30,R26
                 	LDI  R30,1
                 	BREQ PC+2
                 	CLR  R30
                 	.ENDM
                 
                 	.MACRO __NEB12
                 	CP   R30,R26
                 	LDI  R30,1
                 	BRNE PC+2
                 	CLR  R30
                 	.ENDM
                 
                 	.MACRO __LEB12
                 	CP   R30,R26
                 	LDI  R30,1
                 	BRGE PC+2
                 	CLR  R30
                 	.ENDM
                 
                 	.MACRO __GEB12
                 	CP   R26,R30
                 	LDI  R30,1
                 	BRGE PC+2
                 	CLR  R30
                 	.ENDM
                 
                 	.MACRO __LTB12
                 	CP   R26,R30
                 	LDI  R30,1
                 	BRLT PC+2
                 	CLR  R30
                 	.ENDM
                 
                 	.MACRO __GTB12
                 	CP   R30,R26
                 	LDI  R30,1
                 	BRLT PC+2
                 	CLR  R30
                 	.ENDM
                 
                 	.MACRO __LEB12U
                 	CP   R30,R26
                 	LDI  R30,1
                 	BRSH PC+2
                 	CLR  R30
                 	.ENDM
                 
                 	.MACRO __GEB12U
                 	CP   R26,R30
                 	LDI  R30,1
                 	BRSH PC+2
                 	CLR  R30
                 	.ENDM
                 
                 	.MACRO __LTB12U
                 	CP   R26,R30
                 	LDI  R30,1
                 	BRLO PC+2
                 	CLR  R30
                 	.ENDM
                 
                 	.MACRO __GTB12U
                 	CP   R30,R26
                 	LDI  R30,1
                 	BRLO PC+2
                 	CLR  R30
                 	.ENDM
                 
                 	.MACRO __CPW01
                 	CLR  R0
                 	CP   R0,R30
                 	CPC  R0,R31
                 	.ENDM
                 
                 	.MACRO __CPW02
                 	CLR  R0
                 	CP   R0,R26
                 	CPC  R0,R27
                 	.ENDM
                 
                 	.MACRO __CPD12
                 	CP   R30,R26
                 	CPC  R31,R27
                 	CPC  R22,R24
                 	CPC  R23,R25
                 	.ENDM
                 
                 	.MACRO __CPD21
                 	CP   R26,R30
                 	CPC  R27,R31
                 	CPC  R24,R22
                 	CPC  R25,R23
                 	.ENDM
                 
                 	.MACRO __BSTB1
                 	CLT
                 	TST  R30
                 	BREQ PC+2
                 	SET
                 	.ENDM
                 
                 	.MACRO __LNEGB1
                 	TST  R30
                 	LDI  R30,1
                 	BREQ PC+2
                 	CLR  R30
                 	.ENDM
                 
                 	.MACRO __LNEGW1
                 	OR   R30,R31
                 	LDI  R30,1
                 	BREQ PC+2
                 	LDI  R30,0
                 	.ENDM
                 
                 	.MACRO __POINTB1MN
                 	LDI  R30,LOW(@0+(@1))
                 	.ENDM
                 
                 	.MACRO __POINTW1MN
                 	LDI  R30,LOW(@0+(@1))
                 	LDI  R31,HIGH(@0+(@1))
                 	.ENDM
                 
                 	.MACRO __POINTD1M
                 	LDI  R30,LOW(@0)
                 	LDI  R31,HIGH(@0)
                 	LDI  R22,BYTE3(@0)
                 	LDI  R23,BYTE4(@0)
                 	.ENDM
                 
                 	.MACRO __POINTW1FN
                 	LDI  R30,LOW(2*@0+(@1))
                 	LDI  R31,HIGH(2*@0+(@1))
                 	.ENDM
                 
                 	.MACRO __POINTD1FN
                 	LDI  R30,LOW(2*@0+(@1))
                 	LDI  R31,HIGH(2*@0+(@1))
                 	LDI  R22,BYTE3(2*@0+(@1))
                 	LDI  R23,BYTE4(2*@0+(@1))
                 	.ENDM
                 
                 	.MACRO __POINTB2MN
                 	LDI  R26,LOW(@0+(@1))
                 	.ENDM
                 
                 	.MACRO __POINTW2MN
                 	LDI  R26,LOW(@0+(@1))
                 	LDI  R27,HIGH(@0+(@1))
                 	.ENDM
                 
                 	.MACRO __POINTD2M
                 	LDI  R26,LOW(@0)
                 	LDI  R27,HIGH(@0)
                 	LDI  R24,BYTE3(@0)
                 	LDI  R25,BYTE4(@0)
                 	.ENDM
                 
                 	.MACRO __POINTW2FN
                 	LDI  R26,LOW(2*@0+(@1))
                 	LDI  R27,HIGH(2*@0+(@1))
                 	.ENDM
                 
                 	.MACRO __POINTD2FN
                 	LDI  R26,LOW(2*@0+(@1))
                 	LDI  R27,HIGH(2*@0+(@1))
                 	LDI  R24,BYTE3(2*@0+(@1))
                 	LDI  R25,BYTE4(2*@0+(@1))
                 	.ENDM
                 
                 	.MACRO __POINTBRM
                 	LDI  R@0,LOW(@1)
                 	.ENDM
                 
                 	.MACRO __POINTWRM
                 	LDI  R@0,LOW(@2)
                 	LDI  R@1,HIGH(@2)
                 	.ENDM
                 
                 	.MACRO __POINTBRMN
                 	LDI  R@0,LOW(@1+(@2))
                 	.ENDM
                 
                 	.MACRO __POINTWRMN
                 	LDI  R@0,LOW(@2+(@3))
                 	LDI  R@1,HIGH(@2+(@3))
                 	.ENDM
                 
                 	.MACRO __POINTWRFN
                 	LDI  R@0,LOW(@2*2+(@3))
                 	LDI  R@1,HIGH(@2*2+(@3))
                 	.ENDM
                 
                 	.MACRO __GETD1N
                 	LDI  R30,LOW(@0)
                 	LDI  R31,HIGH(@0)
                 	LDI  R22,BYTE3(@0)
                 	LDI  R23,BYTE4(@0)
                 	.ENDM
                 
                 	.MACRO __GETD2N
                 	LDI  R26,LOW(@0)
                 	LDI  R27,HIGH(@0)
                 	LDI  R24,BYTE3(@0)
                 	LDI  R25,BYTE4(@0)
                 	.ENDM
                 
                 	.MACRO __GETB1MN
                 	LDS  R30,@0+(@1)
                 	.ENDM
                 
                 	.MACRO __GETB1HMN
                 	LDS  R31,@0+(@1)
                 	.ENDM
                 
                 	.MACRO __GETW1MN
                 	LDS  R30,@0+(@1)
                 	LDS  R31,@0+(@1)+1
                 	.ENDM
                 
                 	.MACRO __GETD1MN
                 	LDS  R30,@0+(@1)
                 	LDS  R31,@0+(@1)+1
                 	LDS  R22,@0+(@1)+2
                 	LDS  R23,@0+(@1)+3
                 	.ENDM
                 
                 	.MACRO __GETBRMN
                 	LDS  R@0,@1+(@2)
                 	.ENDM
                 
                 	.MACRO __GETWRMN
                 	LDS  R@0,@2+(@3)
                 	LDS  R@1,@2+(@3)+1
                 	.ENDM
                 
                 	.MACRO __GETWRZ
                 	LDD  R@0,Z+@2
                 	LDD  R@1,Z+@2+1
                 	.ENDM
                 
                 	.MACRO __GETD2Z
                 	LDD  R26,Z+@0
                 	LDD  R27,Z+@0+1
                 	LDD  R24,Z+@0+2
                 	LDD  R25,Z+@0+3
                 	.ENDM
                 
                 	.MACRO __GETB2MN
                 	LDS  R26,@0+(@1)
                 	.ENDM
                 
                 	.MACRO __GETW2MN
                 	LDS  R26,@0+(@1)
                 	LDS  R27,@0+(@1)+1
                 	.ENDM
                 
                 	.MACRO __GETD2MN
                 	LDS  R26,@0+(@1)
                 	LDS  R27,@0+(@1)+1
                 	LDS  R24,@0+(@1)+2
                 	LDS  R25,@0+(@1)+3
                 	.ENDM
                 
                 	.MACRO __PUTB1MN
                 	STS  @0+(@1),R30
                 	.ENDM
                 
                 	.MACRO __PUTW1MN
                 	STS  @0+(@1),R30
                 	STS  @0+(@1)+1,R31
                 	.ENDM
                 
                 	.MACRO __PUTD1MN
                 	STS  @0+(@1),R30
                 	STS  @0+(@1)+1,R31
                 	STS  @0+(@1)+2,R22
                 	STS  @0+(@1)+3,R23
                 	.ENDM
                 
                 	.MACRO __PUTB1EN
                 	LDI  R26,LOW(@0+(@1))
                 	LDI  R27,HIGH(@0+(@1))
                 	CALL __EEPROMWRB
                 	.ENDM
                 
                 	.MACRO __PUTW1EN
                 	LDI  R26,LOW(@0+(@1))
                 	LDI  R27,HIGH(@0+(@1))
                 	CALL __EEPROMWRW
                 	.ENDM
                 
                 	.MACRO __PUTD1EN
                 	LDI  R26,LOW(@0+(@1))
                 	LDI  R27,HIGH(@0+(@1))
                 	CALL __EEPROMWRD
                 	.ENDM
                 
                 	.MACRO __PUTBR0MN
                 	STS  @0+(@1),R0
                 	.ENDM
                 
                 	.MACRO __PUTBMRN
                 	STS  @0+(@1),R@2
                 	.ENDM
                 
                 	.MACRO __PUTWMRN
                 	STS  @0+(@1),R@2
                 	STS  @0+(@1)+1,R@3
                 	.ENDM
                 
                 	.MACRO __PUTBZR
                 	STD  Z+@1,R@0
                 	.ENDM
                 
                 	.MACRO __PUTWZR
                 	STD  Z+@2,R@0
                 	STD  Z+@2+1,R@1
                 	.ENDM
                 
                 	.MACRO __GETW1R
                 	MOV  R30,R@0
                 	MOV  R31,R@1
                 	.ENDM
                 
                 	.MACRO __GETW2R
                 	MOV  R26,R@0
                 	MOV  R27,R@1
                 	.ENDM
                 
                 	.MACRO __GETWRN
                 	LDI  R@0,LOW(@2)
                 	LDI  R@1,HIGH(@2)
                 	.ENDM
                 
                 	.MACRO __PUTW1R
                 	MOV  R@0,R30
                 	MOV  R@1,R31
                 	.ENDM
                 
                 	.MACRO __PUTW2R
                 	MOV  R@0,R26
                 	MOV  R@1,R27
                 	.ENDM
                 
                 	.MACRO __ADDWRN
                 	SUBI R@0,LOW(-@2)
                 	SBCI R@1,HIGH(-@2)
                 	.ENDM
                 
                 	.MACRO __ADDWRR
                 	ADD  R@0,R@2
                 	ADC  R@1,R@3
                 	.ENDM
                 
                 	.MACRO __SUBWRN
                 	SUBI R@0,LOW(@2)
                 	SBCI R@1,HIGH(@2)
                 	.ENDM
                 
                 	.MACRO __SUBWRR
                 	SUB  R@0,R@2
                 	SBC  R@1,R@3
                 	.ENDM
                 
                 	.MACRO __ANDWRN
                 	ANDI R@0,LOW(@2)
                 	ANDI R@1,HIGH(@2)
                 	.ENDM
                 
                 	.MACRO __ANDWRR
                 	AND  R@0,R@2
                 	AND  R@1,R@3
                 	.ENDM
                 
                 	.MACRO __ORWRN
                 	ORI  R@0,LOW(@2)
                 	ORI  R@1,HIGH(@2)
                 	.ENDM
                 
                 	.MACRO __ORWRR
                 	OR   R@0,R@2
                 	OR   R@1,R@3
                 	.ENDM
                 
                 	.MACRO __EORWRR
                 	EOR  R@0,R@2
                 	EOR  R@1,R@3
                 	.ENDM
                 
                 	.MACRO __GETWRS
                 	LDD  R@0,Y+@2
                 	LDD  R@1,Y+@2+1
                 	.ENDM
                 
                 	.MACRO __PUTBSR
                 	STD  Y+@1,R@0
                 	.ENDM
                 
                 	.MACRO __PUTWSR
                 	STD  Y+@2,R@0
                 	STD  Y+@2+1,R@1
                 	.ENDM
                 
                 	.MACRO __MOVEWRR
                 	MOV  R@0,R@2
                 	MOV  R@1,R@3
                 	.ENDM
                 
                 	.MACRO __INWR
                 	IN   R@0,@2
                 	IN   R@1,@2+1
                 	.ENDM
                 
                 	.MACRO __OUTWR
                 	OUT  @2+1,R@1
                 	OUT  @2,R@0
                 	.ENDM
                 
                 	.MACRO __CALL1MN
                 	LDS  R30,@0+(@1)
                 	LDS  R31,@0+(@1)+1
                 	ICALL
                 	.ENDM
                 
                 	.MACRO __CALL1FN
                 	LDI  R30,LOW(2*@0+(@1))
                 	LDI  R31,HIGH(2*@0+(@1))
                 	CALL __GETW1PF
                 	ICALL
                 	.ENDM
                 
                 	.MACRO __CALL2EN
                 	PUSH R26
                 	PUSH R27
                 	LDI  R26,LOW(@0+(@1))
                 	LDI  R27,HIGH(@0+(@1))
                 	CALL __EEPROMRDW
                 	POP  R27
                 	POP  R26
                 	ICALL
                 	.ENDM
                 
                 	.MACRO __CALL2EX
                 	SUBI R26,LOW(-@0)
                 	SBCI R27,HIGH(-@0)
                 	CALL __EEPROMRDD
                 	ICALL
                 	.ENDM
                 
                 	.MACRO __GETW1STACK
                 	IN   R30,SPL
                 	IN   R31,SPH
                 	ADIW R30,@0+1
                 	LD   R0,Z+
                 	LD   R31,Z
                 	MOV  R30,R0
                 	.ENDM
                 
                 	.MACRO __GETD1STACK
                 	IN   R30,SPL
                 	IN   R31,SPH
                 	ADIW R30,@0+1
                 	LD   R0,Z+
                 	LD   R1,Z+
                 	LD   R22,Z
                 	MOVW R30,R0
                 	.ENDM
                 
                 	.MACRO __NBST
                 	BST  R@0,@1
                 	IN   R30,SREG
                 	LDI  R31,0x40
                 	EOR  R30,R31
                 	OUT  SREG,R30
                 	.ENDM
                 
                 
                 	.MACRO __PUTB1SN
                 	LDD  R26,Y+@0
                 	LDD  R27,Y+@0+1
                 	SUBI R26,LOW(-@1)
                 	SBCI R27,HIGH(-@1)
                 	ST   X,R30
                 	.ENDM
                 
                 	.MACRO __PUTW1SN
                 	LDD  R26,Y+@0
                 	LDD  R27,Y+@0+1
                 	SUBI R26,LOW(-@1)
                 	SBCI R27,HIGH(-@1)
                 	ST   X+,R30
                 	ST   X,R31
                 	.ENDM
                 
                 	.MACRO __PUTD1SN
                 	LDD  R26,Y+@0
                 	LDD  R27,Y+@0+1
                 	SUBI R26,LOW(-@1)
                 	SBCI R27,HIGH(-@1)
                 	ST   X+,R30
                 	ST   X+,R31
                 	ST   X+,R22
                 	ST   X,R23
                 	.ENDM
                 
                 	.MACRO __PUTB1SNS
                 	LDD  R26,Y+@0
                 	LDD  R27,Y+@0+1
                 	ADIW R26,@1
                 	ST   X,R30
                 	.ENDM
                 
                 	.MACRO __PUTW1SNS
                 	LDD  R26,Y+@0
                 	LDD  R27,Y+@0+1
                 	ADIW R26,@1
                 	ST   X+,R30
                 	ST   X,R31
                 	.ENDM
                 
                 	.MACRO __PUTD1SNS
                 	LDD  R26,Y+@0
                 	LDD  R27,Y+@0+1
                 	ADIW R26,@1
                 	ST   X+,R30
                 	ST   X+,R31
                 	ST   X+,R22
                 	ST   X,R23
                 	.ENDM
                 
                 	.MACRO __PUTB1PMN
                 	LDS  R26,@0
                 	LDS  R27,@0+1
                 	SUBI R26,LOW(-@1)
                 	SBCI R27,HIGH(-@1)
                 	ST   X,R30
                 	.ENDM
                 
                 	.MACRO __PUTW1PMN
                 	LDS  R26,@0
                 	LDS  R27,@0+1
                 	SUBI R26,LOW(-@1)
                 	SBCI R27,HIGH(-@1)
                 	ST   X+,R30
                 	ST   X,R31
                 	.ENDM
                 
                 	.MACRO __PUTD1PMN
                 	LDS  R26,@0
                 	LDS  R27,@0+1
                 	SUBI R26,LOW(-@1)
                 	SBCI R27,HIGH(-@1)
                 	ST   X+,R30
                 	ST   X+,R31
                 	ST   X+,R22
                 	ST   X,R23
                 	.ENDM
                 
                 	.MACRO __PUTB1PMNS
                 	LDS  R26,@0
                 	LDS  R27,@0+1
                 	ADIW R26,@1
                 	ST   X,R30
                 	.ENDM
                 
                 	.MACRO __PUTW1PMNS
                 	LDS  R26,@0
                 	LDS  R27,@0+1
                 	ADIW R26,@1
                 	ST   X+,R30
                 	ST   X,R31
                 	.ENDM
                 
                 	.MACRO __PUTD1PMNS
                 	LDS  R26,@0
                 	LDS  R27,@0+1
                 	ADIW R26,@1
                 	ST   X+,R30
                 	ST   X+,R31
                 	ST   X+,R22
                 	ST   X,R23
                 	.ENDM
                 
                 	.MACRO __PUTB1RN
                 	MOVW R26,R@0
                 	SUBI R26,LOW(-@1)
                 	SBCI R27,HIGH(-@1)
                 	ST   X,R30
                 	.ENDM
                 
                 	.MACRO __PUTW1RN
                 	MOVW R26,R@0
                 	SUBI R26,LOW(-@1)
                 	SBCI R27,HIGH(-@1)
                 	ST   X+,R30
                 	ST   X,R31
                 	.ENDM
                 
                 	.MACRO __PUTD1RN
                 	MOVW R26,R@0
                 	SUBI R26,LOW(-@1)
                 	SBCI R27,HIGH(-@1)
                 	ST   X+,R30
                 	ST   X+,R31
                 	ST   X+,R22
                 	ST   X,R23
                 	.ENDM
                 
                 	.MACRO __PUTB1RNS
                 	MOVW R26,R@0
                 	ADIW R26,@1
                 	ST   X,R30
                 	.ENDM
                 
                 	.MACRO __PUTW1RNS
                 	MOVW R26,R@0
                 	ADIW R26,@1
                 	ST   X+,R30
                 	ST   X,R31
                 	.ENDM
                 
                 	.MACRO __PUTD1RNS
                 	MOVW R26,R@0
                 	ADIW R26,@1
                 	ST   X+,R30
                 	ST   X+,R31
                 	ST   X+,R22
                 	ST   X,R23
                 	.ENDM
                 
                 	.MACRO __PUTB1RON
                 	MOV  R26,R@0
                 	MOV  R27,R@1
                 	SUBI R26,LOW(-@2)
                 	SBCI R27,HIGH(-@2)
                 	ST   X,R30
                 	.ENDM
                 
                 	.MACRO __PUTW1RON
                 	MOV  R26,R@0
                 	MOV  R27,R@1
                 	SUBI R26,LOW(-@2)
                 	SBCI R27,HIGH(-@2)
                 	ST   X+,R30
                 	ST   X,R31
                 	.ENDM
                 
                 	.MACRO __PUTD1RON
                 	MOV  R26,R@0
                 	MOV  R27,R@1
                 	SUBI R26,LOW(-@2)
                 	SBCI R27,HIGH(-@2)
                 	ST   X+,R30
                 	ST   X+,R31
                 	ST   X+,R22
                 	ST   X,R23
                 	.ENDM
                 
                 	.MACRO __PUTB1RONS
                 	MOV  R26,R@0
                 	MOV  R27,R@1
                 	ADIW R26,@2
                 	ST   X,R30
                 	.ENDM
                 
                 	.MACRO __PUTW1RONS
                 	MOV  R26,R@0
                 	MOV  R27,R@1
                 	ADIW R26,@2
                 	ST   X+,R30
                 	ST   X,R31
                 	.ENDM
                 
                 	.MACRO __PUTD1RONS
                 	MOV  R26,R@0
                 	MOV  R27,R@1
                 	ADIW R26,@2
                 	ST   X+,R30
                 	ST   X+,R31
                 	ST   X+,R22
                 	ST   X,R23
                 	.ENDM
                 
                 
                 	.MACRO __GETB1SX
                 	MOVW R30,R28
                 	SUBI R30,LOW(-@0)
                 	SBCI R31,HIGH(-@0)
                 	LD   R30,Z
                 	.ENDM
                 
                 	.MACRO __GETB1HSX
                 	MOVW R30,R28
                 	SUBI R30,LOW(-@0)
                 	SBCI R31,HIGH(-@0)
                 	LD   R31,Z
                 	.ENDM
                 
                 	.MACRO __GETW1SX
                 	MOVW R30,R28
                 	SUBI R30,LOW(-@0)
                 	SBCI R31,HIGH(-@0)
                 	CALL __GETW1Z
                 	.ENDM
                 
                 	.MACRO __GETD1SX
                 	MOVW R30,R28
                 	SUBI R30,LOW(-@0)
                 	SBCI R31,HIGH(-@0)
                 	CALL __GETD1Z
                 	.ENDM
                 
                 	.MACRO __GETB2SX
                 	MOVW R26,R28
                 	SUBI R26,LOW(-@0)
                 	SBCI R27,HIGH(-@0)
                 	LD   R26,X
                 	.ENDM
                 
                 	.MACRO __GETW2SX
                 	MOVW R26,R28
                 	SUBI R26,LOW(-@0)
                 	SBCI R27,HIGH(-@0)
                 	CALL __GETW2X
                 	.ENDM
                 
                 	.MACRO __GETD2SX
                 	MOVW R26,R28
                 	SUBI R26,LOW(-@0)
                 	SBCI R27,HIGH(-@0)
                 	CALL __GETD2X
                 	.ENDM
                 
                 	.MACRO __GETBRSX
                 	MOVW R30,R28
                 	SUBI R30,LOW(-@1)
                 	SBCI R31,HIGH(-@1)
                 	LD   R@0,Z
                 	.ENDM
                 
                 	.MACRO __GETWRSX
                 	MOVW R30,R28
                 	SUBI R30,LOW(-@2)
                 	SBCI R31,HIGH(-@2)
                 	LD   R@0,Z+
                 	LD   R@1,Z
                 	.ENDM
                 
                 	.MACRO __GETBRSX2
                 	MOVW R26,R28
                 	SUBI R26,LOW(-@1)
                 	SBCI R27,HIGH(-@1)
                 	LD   R@0,X
                 	.ENDM
                 
                 	.MACRO __GETWRSX2
                 	MOVW R26,R28
                 	SUBI R26,LOW(-@2)
                 	SBCI R27,HIGH(-@2)
                 	LD   R@0,X+
                 	LD   R@1,X
                 	.ENDM
                 
                 	.MACRO __LSLW8SX
                 	MOVW R30,R28
                 	SUBI R30,LOW(-@0)
                 	SBCI R31,HIGH(-@0)
                 	LD   R31,Z
                 	CLR  R30
                 	.ENDM
                 
                 	.MACRO __PUTB1SX
                 	MOVW R26,R28
                 	SUBI R26,LOW(-@0)
                 	SBCI R27,HIGH(-@0)
                 	ST   X,R30
                 	.ENDM
                 
                 	.MACRO __PUTW1SX
                 	MOVW R26,R28
                 	SUBI R26,LOW(-@0)
                 	SBCI R27,HIGH(-@0)
                 	ST   X+,R30
                 	ST   X,R31
                 	.ENDM
                 
                 	.MACRO __PUTD1SX
                 	MOVW R26,R28
                 	SUBI R26,LOW(-@0)
                 	SBCI R27,HIGH(-@0)
                 	ST   X+,R30
                 	ST   X+,R31
                 	ST   X+,R22
                 	ST   X,R23
                 	.ENDM
                 
                 	.MACRO __CLRW1SX
                 	MOVW R26,R28
                 	SUBI R26,LOW(-@0)
                 	SBCI R27,HIGH(-@0)
                 	ST   X+,R30
                 	ST   X,R30
                 	.ENDM
                 
                 	.MACRO __CLRD1SX
                 	MOVW R26,R28
                 	SUBI R26,LOW(-@0)
                 	SBCI R27,HIGH(-@0)
                 	ST   X+,R30
                 	ST   X+,R30
                 	ST   X+,R30
                 	ST   X,R30
                 	.ENDM
                 
                 	.MACRO __PUTB2SX
                 	MOVW R30,R28
                 	SUBI R30,LOW(-@0)
                 	SBCI R31,HIGH(-@0)
                 	ST   Z,R26
                 	.ENDM
                 
                 	.MACRO __PUTW2SX
                 	MOVW R30,R28
                 	SUBI R30,LOW(-@0)
                 	SBCI R31,HIGH(-@0)
                 	ST   Z+,R26
                 	ST   Z,R27
                 	.ENDM
                 
                 	.MACRO __PUTD2SX
                 	MOVW R30,R28
                 	SUBI R30,LOW(-@0)
                 	SBCI R31,HIGH(-@0)
                 	ST   Z+,R26
                 	ST   Z+,R27
                 	ST   Z+,R24
                 	ST   Z,R25
                 	.ENDM
                 
                 	.MACRO __PUTBSRX
                 	MOVW R30,R28
                 	SUBI R30,LOW(-@1)
                 	SBCI R31,HIGH(-@1)
                 	ST   Z,R@0
                 	.ENDM
                 
                 	.MACRO __PUTWSRX
                 	MOVW R30,R28
                 	SUBI R30,LOW(-@2)
                 	SBCI R31,HIGH(-@2)
                 	ST   Z+,R@0
                 	ST   Z,R@1
                 	.ENDM
                 
                 	.MACRO __PUTB1SNX
                 	MOVW R26,R28
                 	SUBI R26,LOW(-@0)
                 	SBCI R27,HIGH(-@0)
                 	LD   R0,X+
                 	LD   R27,X
                 	MOV  R26,R0
                 	SUBI R26,LOW(-@1)
                 	SBCI R27,HIGH(-@1)
                 	ST   X,R30
                 	.ENDM
                 
                 	.MACRO __PUTW1SNX
                 	MOVW R26,R28
                 	SUBI R26,LOW(-@0)
                 	SBCI R27,HIGH(-@0)
                 	LD   R0,X+
                 	LD   R27,X
                 	MOV  R26,R0
                 	SUBI R26,LOW(-@1)
                 	SBCI R27,HIGH(-@1)
                 	ST   X+,R30
                 	ST   X,R31
                 	.ENDM
                 
                 	.MACRO __PUTD1SNX
                 	MOVW R26,R28
                 	SUBI R26,LOW(-@0)
                 	SBCI R27,HIGH(-@0)
                 	LD   R0,X+
                 	LD   R27,X
                 	MOV  R26,R0
                 	SUBI R26,LOW(-@1)
                 	SBCI R27,HIGH(-@1)
                 	ST   X+,R30
                 	ST   X+,R31
                 	ST   X+,R22
                 	ST   X,R23
                 	.ENDM
                 
                 	.MACRO __MULBRR
                 	MULS R@0,R@1
                 	MOVW R30,R0
                 	.ENDM
                 
                 	.MACRO __MULBRRU
                 	MUL  R@0,R@1
                 	MOVW R30,R0
                 	.ENDM
                 
                 	.MACRO __MULBRR0
                 	MULS R@0,R@1
                 	.ENDM
                 
                 	.MACRO __MULBRRU0
                 	MUL  R@0,R@1
                 	.ENDM
                 
                 	.MACRO __MULBNWRU
                 	LDI  R26,@2
                 	MUL  R26,R@0
                 	MOVW R30,R0
                 	MUL  R26,R@1
                 	ADD  R31,R0
                 	.ENDM
                 
                 ;NAME DEFINITIONS FOR GLOBAL VARIABLES ALLOCATED TO REGISTERS
                 	.DEF _SLAVE_ADDR=R5
                 
                 	.CSEG
                 	.ORG 0x00
                 
                 ;START OF CODE MARKER
                 __START_OF_CODE:
                 
                 ;INTERRUPT VECTORS
000000 940c 006c 	JMP  __RESET
000002 940c 0000 	JMP  0x00
000004 940c 0000 	JMP  0x00
000006 940c 0000 	JMP  0x00
000008 940c 0000 	JMP  0x00
00000a 940c 0000 	JMP  0x00
00000c 940c 0000 	JMP  0x00
00000e 940c 0000 	JMP  0x00
000010 940c 0000 	JMP  0x00
000012 940c 0000 	JMP  0x00
000014 940c 0000 	JMP  0x00
000016 940c 0000 	JMP  0x00
000018 940c 0000 	JMP  0x00
00001a 940c 0000 	JMP  0x00
00001c 940c 0000 	JMP  0x00
00001e 940c 0000 	JMP  0x00
000020 940c 0000 	JMP  0x00
000022 940c 0000 	JMP  0x00
000024 940c 0000 	JMP  0x00
000026 940c 0000 	JMP  0x00
000028 940c 0000 	JMP  0x00
00002a 940c 0000 	JMP  0x00
00002c 940c 0000 	JMP  0x00
00002e 940c 0000 	JMP  0x00
000030 940c 0000 	JMP  0x00
000032 940c 0000 	JMP  0x00
000034 940c 0000 	JMP  0x00
000036 940c 0000 	JMP  0x00
000038 940c 0000 	JMP  0x00
00003a 940c 0000 	JMP  0x00
00003c 940c 0000 	JMP  0x00
00003e 940c 0000 	JMP  0x00
000040 940c 0000 	JMP  0x00
000042 940c 0000 	JMP  0x00
000044 940c 0000 	JMP  0x00
                 
                 ;GLOBAL REGISTER VARIABLES INITIALIZATION
                 __REG_VARS:
C:\Users\정민규\Desktop\마이크로프로세서2\TWI\twi_send_message_slave\Debug\List\twi_send_message_slave.asm(1463): warning: .cseg .db misalignment - padding zero byte
000046 0002      	.DB  0x2
                 
                 _0x0:
000047 2020
000048 2020
000049 2020
00004a 2020      	.DB  0x20,0x20,0x20,0x20,0x20,0x20,0x20,0x20
00004b 2020
00004c 2020
00004d 2020
00004e 2020      	.DB  0x20,0x20,0x20,0x20,0x20,0x20,0x20,0x20
00004f 2020
000050 2020
000051 4900
000052 4332      	.DB  0x20,0x20,0x20,0x20,0x0,0x49,0x32,0x43
000053 5320
000054 616c
000055 6576
000056 4920      	.DB  0x20,0x53,0x6C,0x61,0x76,0x65,0x20,0x49
000057 696e
000058 0074
000059 6552
00005a 6563      	.DB  0x6E,0x69,0x74,0x0,0x52,0x65,0x63,0x65
00005b 7669
00005c 6465
00005d 3e2d
00005e 0020      	.DB  0x69,0x76,0x65,0x64,0x2D,0x3E,0x20,0x0
                 
                 __GLOBAL_INI_TBL:
00005f 0001      	.DW  0x01
000060 0005      	.DW  0x05
000061 008c      	.DW  __REG_VARS*2
                 
000062 0015      	.DW  0x15
000063 0500      	.DW  _0x21
000064 008e      	.DW  _0x0*2
                 
000065 000f      	.DW  0x0F
000066 0515      	.DW  _0x29
000067 00a3      	.DW  _0x0*2+21
                 
000068 000c      	.DW  0x0C
000069 0524      	.DW  _0x29+15
00006a 00b2      	.DW  _0x0*2+36
                 
                 _0xFFFFFFFF:
00006b 0000      	.DW  0
                 
                 #define __GLOBAL_INI_TBL_PRESENT 1
                 
                 __RESET:
00006c 94f8      	CLI
00006d 27ee      	CLR  R30
00006e bbec      	OUT  EECR,R30
                 
                 ;INTERRUPT VECTORS ARE PLACED
                 ;AT THE START OF FLASH
00006f e0f1      	LDI  R31,1
000070 bff5      	OUT  MCUCR,R31
000071 bfe5      	OUT  MCUCR,R30
000072 93e0 006c 	STS  XMCRB,R30
                 
                 ;CLEAR R2-R14
000074 e08d      	LDI  R24,(14-2)+1
000075 e0a2      	LDI  R26,2
000076 27bb      	CLR  R27
                 __CLEAR_REG:
000077 93ed      	ST   X+,R30
000078 958a      	DEC  R24
000079 f7e9      	BRNE __CLEAR_REG
                 
                 ;CLEAR SRAM
00007a e080      	LDI  R24,LOW(__CLEAR_SRAM_SIZE)
00007b e190      	LDI  R25,HIGH(__CLEAR_SRAM_SIZE)
00007c e0a0      	LDI  R26,LOW(__SRAM_START)
00007d e0b1      	LDI  R27,HIGH(__SRAM_START)
                 __CLEAR_SRAM:
00007e 93ed      	ST   X+,R30
00007f 9701      	SBIW R24,1
000080 f7e9      	BRNE __CLEAR_SRAM
                 
                 ;GLOBAL VARIABLES INITIALIZATION
000081 ebee      	LDI  R30,LOW(__GLOBAL_INI_TBL*2)
000082 e0f0      	LDI  R31,HIGH(__GLOBAL_INI_TBL*2)
                 __GLOBAL_INI_NEXT:
000083 9185      	LPM  R24,Z+
000084 9195      	LPM  R25,Z+
000085 9700      	SBIW R24,0
000086 f061      	BREQ __GLOBAL_INI_END
000087 91a5      	LPM  R26,Z+
000088 91b5      	LPM  R27,Z+
000089 9005      	LPM  R0,Z+
00008a 9015      	LPM  R1,Z+
00008b 01bf      	MOVW R22,R30
00008c 01f0      	MOVW R30,R0
                 __GLOBAL_INI_LOOP:
00008d 9005      	LPM  R0,Z+
00008e 920d      	ST   X+,R0
00008f 9701      	SBIW R24,1
000090 f7e1      	BRNE __GLOBAL_INI_LOOP
000091 01fb      	MOVW R30,R22
000092 cff0      	RJMP __GLOBAL_INI_NEXT
                 __GLOBAL_INI_END:
                 
000093 bf8b      	OUT  RAMPZ,R24
                 
                 ;HARDWARE STACK POINTER INITIALIZATION
000094 efef      	LDI  R30,LOW(__SRAM_END-__HEAP_SIZE)
000095 bfed      	OUT  SPL,R30
000096 e1e0      	LDI  R30,HIGH(__SRAM_END-__HEAP_SIZE)
000097 bfee      	OUT  SPH,R30
                 
                 ;DATA STACK POINTER INITIALIZATION
000098 e0c0      	LDI  R28,LOW(__SRAM_START+__DSTACK_SIZE)
000099 e0d5      	LDI  R29,HIGH(__SRAM_START+__DSTACK_SIZE)
                 
00009a 940c 014d 	JMP  _main
                 
                 	.ESEG
                 	.ORG 0x00
                 
                 	.DSEG
                 	.ORG 0x500
                 
                 	.CSEG
                 	#ifndef __SLEEP_DEFINED__
                 	#define __SLEEP_DEFINED__
                 	.EQU __se_bit=0x20
                 	.EQU __sm_mask=0x1C
                 	.EQU __sm_powerdown=0x10
                 	.EQU __sm_powersave=0x18
                 	.EQU __sm_standby=0x14
                 	.EQU __sm_ext_standby=0x1C
                 	.EQU __sm_adc_noise_red=0x08
                 	.SET power_ctrl_reg=mcucr
                 	#endif
                 
                 	.CSEG
                 _Init_TWI:
                 ; .FSTART _Init_TWI
00009c e3e2      	LDI  R30,LOW(50)
00009d 93e0 0070 	STS  112,R30
00009f e0e4      	LDI  R30,LOW(4)
0000a0 93e0 0074 	STS  116,R30
0000a2 e0e0      	LDI  R30,LOW(0)
0000a3 93e0 0071 	STS  113,R30
0000a5 9508      	RET
                 ; .FEND
                 _TWI_TransCheck_ACK:
                 ; .FSTART _TWI_TransCheck_ACK
0000a6 d0ee      	RCALL __SAVELOCR4
0000a7 2f3a      	MOV  R19,R26
                 ;	Stat -> R19
                 ;	ExtDev_ErrCnt -> R16,R17
                +
0000a8 e000     +LDI R16 , LOW ( 0 )
0000a9 e010     +LDI R17 , HIGH ( 0 )
                 	__GETWRN 16,17,0
                 _0x3:
0000aa 91e0 0074 	LDS  R30,116
0000ac 78e0      	ANDI R30,LOW(0x80)
0000ad f451      	BRNE _0x5
0000ae 01d8      	MOVW R26,R16
                +
0000af 5f0f     +SUBI R16 , LOW ( - 1 )
0000b0 4f1f     +SBCI R17 , HIGH ( - 1 )
                 	__ADDWRN 16,17,1
0000b1 3da1      	CPI  R26,LOW(0x7D1)
0000b2 e0e7      	LDI  R30,HIGH(0x7D1)
0000b3 07be      	CPC  R27,R30
0000b4 f010      	BRLO _0x6
0000b5 e0e1      	LDI  R30,LOW(1)
0000b6 c042      	RJMP _0x2000003
                 _0x6:
0000b7 cff2      	RJMP _0x3
                 _0x5:
0000b8 91e0 0071 	LDS  R30,113
0000ba 7fe8      	ANDI R30,LOW(0xF8)
0000bb 173e      	CP   R19,R30
0000bc f011      	BREQ _0x7
0000bd e0e2      	LDI  R30,LOW(2)
0000be c03a      	RJMP _0x2000003
                 _0x7:
0000bf c038      	RJMP _0x2000005
                 ; .FEND
                 ;	Addr -> R17
                 ;	Data -> R17
                 ;	Data -> R19
                 ;	Addr -> R16
                 ;	ret_err -> R17
                 ;	Addr -> R17
                 ;	*Data -> R18,R19
                 ;	ret_err -> R17
                 ;	*Data -> R18,R19
                 ;	ret_err -> R17
                 ;	Addr -> R21
                 ;	*Data -> R18,R19
                 ;	rec_data -> R17
                 ;	ret_err -> R16
                 _Init_TWI_Slaveaddr:
                 ; .FSTART _Init_TWI_Slaveaddr
0000c0 931a      	ST   -Y,R17
0000c1 2f1a      	MOV  R17,R26
                 ;	Slave_Addr -> R17
0000c2 9310 0072 	STS  114,R17
0000c4 c064      	RJMP _0x2000002
                 ; .FEND
                 _TWI_Slave_Match_ACK:
                 ; .FSTART _TWI_Slave_Match_ACK
0000c5 ece4      	LDI  R30,LOW(196)
0000c6 93e0 0074 	STS  116,R30
0000c8 e6a0      	LDI  R26,LOW(96)
0000c9 c004      	RJMP _0x2000006
                 ; .FEND
                 _TWI_Slave_Stop_ACK:
                 ; .FSTART _TWI_Slave_Stop_ACK
0000ca ece4      	LDI  R30,LOW(196)
0000cb 93e0 0074 	STS  116,R30
0000cd eaa0      	LDI  R26,LOW(160)
                 _0x2000006:
0000ce dfd7      	RCALL _TWI_TransCheck_ACK
0000cf 9508      	RET
                 ; .FEND
                 _TWI_Slave_Read_Data:
                 ; .FSTART _TWI_Slave_Read_Data
0000d0 d0c4      	RCALL __SAVELOCR4
0000d1 019d      	MOVW R18,R26
                 ;	*Data -> R18,R19
                 ;	ret_err -> R17
0000d2 e010      	LDI  R17,0
0000d3 ece4      	LDI  R30,LOW(196)
0000d4 93e0 0074 	STS  116,R30
0000d6 e8a0      	LDI  R26,LOW(128)
0000d7 dfce      	RCALL _TWI_TransCheck_ACK
0000d8 2f1e      	MOV  R17,R30
0000d9 3010      	CPI  R17,0
0000da f009      	BREQ _0x10
0000db c01d      	RJMP _0x2000003
                 _0x10:
0000dc 91e0 0073 	LDS  R30,115
0000de c017      	RJMP _0x2000004
                 ; .FEND
                 _TWI_Slave_Receive:
                 ; .FSTART _TWI_Slave_Receive
0000df d0b5      	RCALL __SAVELOCR4
0000e0 019d      	MOVW R18,R26
                 ;	*Data -> R18,R19
                 ;	ret_err -> R17
                 ;	rec_data -> R16
0000e1 e010      	LDI  R17,0
0000e2 dfe2      	RCALL _TWI_Slave_Match_ACK
0000e3 2f1e      	MOV  R17,R30
0000e4 3010      	CPI  R17,0
0000e5 f009      	BREQ _0x11
0000e6 c012      	RJMP _0x2000003
                 _0x11:
0000e7 b7ad      	IN   R26,SPL
0000e8 b7be      	IN   R27,SPH
0000e9 930f      	PUSH R16
0000ea dfe5      	RCALL _TWI_Slave_Read_Data
0000eb 910f      	POP  R16
0000ec 2f1e      	MOV  R17,R30
0000ed 3010      	CPI  R17,0
0000ee f009      	BREQ _0x12
0000ef c009      	RJMP _0x2000003
                 _0x12:
0000f0 dfd9      	RCALL _TWI_Slave_Stop_ACK
0000f1 2f1e      	MOV  R17,R30
0000f2 3010      	CPI  R17,0
0000f3 f009      	BREQ _0x13
0000f4 c004      	RJMP _0x2000003
                 _0x13:
0000f5 2fe0      	MOV  R30,R16
                 _0x2000004:
0000f6 01d9      	MOVW R26,R18
0000f7 93ec      	ST   X,R30
                 _0x2000005:
0000f8 e0e0      	LDI  R30,LOW(0)
                 _0x2000003:
0000f9 d0a0      	RCALL __LOADLOCR4
0000fa 9624      	ADIW R28,4
0000fb 9508      	RET
                 ; .FEND
                 ;	devAddr -> R20
                 ;	regAddr -> R21
                 ;	*Data -> R18,R19
                 ;	rec_data -> R17
                 ;	ret_err -> R16
                 _LCD_PORT_Init:
                 ; .FSTART _LCD_PORT_Init
0000fc efef      	LDI  R30,LOW(255)
0000fd bbea      	OUT  0x1A,R30
0000fe e1ef      	LDI  R30,LOW(31)
0000ff 93e0 0064 	STS  100,R30
000101 9508      	RET
                 ; .FEND
                 _LCD_Data:
                 ; .FSTART _LCD_Data
000102 d074      	RCALL SUBOPT_0x0
                 ;	ch -> R17
000103 60e4      	ORI  R30,4
000104 d077      	RCALL SUBOPT_0x1
000105 7fed      	ANDI R30,0xFD
000106 d075      	RCALL SUBOPT_0x1
000107 d079      	RCALL SUBOPT_0x2
000108 c020      	RJMP _0x2000002
                 ; .FEND
                 _LCD_Comm:
                 ; .FSTART _LCD_Comm
000109 d06d      	RCALL SUBOPT_0x0
                 ;	ch -> R17
00010a 7feb      	ANDI R30,0xFB
00010b d070      	RCALL SUBOPT_0x1
00010c 7fed      	ANDI R30,0xFD
00010d d06e      	RCALL SUBOPT_0x1
00010e d072      	RCALL SUBOPT_0x2
00010f c019      	RJMP _0x2000002
                 ; .FEND
                 _LCD_delay:
                 ; .FSTART _LCD_delay
000110 931a      	ST   -Y,R17
000111 2f1a      	MOV  R17,R26
                 ;	ms -> R17
000112 27bb      	CLR  R27
000113 c014      	RJMP _0x2000001
                 ; .FEND
                 _LCD_Pos:
                 ; .FSTART _LCD_Pos
000114 931a      	ST   -Y,R17
000115 930a      	ST   -Y,R16
000116 2f1a      	MOV  R17,R26
000117 810a      	LDD  R16,Y+2
                 ;	col -> R16
                 ;	row -> R17
000118 e4a0      	LDI  R26,LOW(64)
000119 020a      	MULS R16,R26
00011a 01f0      	MOVW R30,R0
00011b 0fe1      	ADD  R30,R17
00011c 68e0      	ORI  R30,0x80
00011d 2fae      	MOV  R26,R30
00011e dfea      	RCALL _LCD_Comm
00011f 8119      	LDD  R17,Y+1
000120 8108      	LDD  R16,Y+0
000121 9623      	ADIW R28,3
000122 9508      	RET
                 ; .FEND
                 _LCD_Char:
                 ; .FSTART _LCD_Char
000123 931a      	ST   -Y,R17
000124 2f1a      	MOV  R17,R26
                 ;	c -> R17
000125 dfdc      	RCALL _LCD_Data
000126 e0a1      	LDI  R26,LOW(1)
000127 e0b0      	LDI  R27,0
                 _0x2000001:
000128 d076      	RCALL _delay_ms
                 _0x2000002:
000129 9119      	LD   R17,Y+
00012a 9508      	RET
                 ; .FEND
                 _LCD_Str:
                 ; .FSTART _LCD_Str
00012b 931a      	ST   -Y,R17
00012c 930a      	ST   -Y,R16
00012d 018d      	MOVW R16,R26
                 ;	*str -> R16,R17
                 _0x1A:
00012e 01d8      	MOVW R26,R16
00012f 91ec      	LD   R30,X
000130 30e0      	CPI  R30,0
000131 f029      	BREQ _0x1C
000132 91ac      	LD   R26,X
000133 dfef      	RCALL _LCD_Char
                +
000134 5f0f     +SUBI R16 , LOW ( - 1 )
000135 4f1f     +SBCI R17 , HIGH ( - 1 )
                 	__ADDWRN 16,17,1
000136 cff7      	RJMP _0x1A
                 _0x1C:
000137 9109      	LD   R16,Y+
000138 9119      	LD   R17,Y+
000139 9508      	RET
                 ; .FEND
                 ;	*str -> R18,R19
                 ;	loop_count -> R17
                 
                 	.DSEG
                 _0x21:
000500           	.BYTE 0x15
                 
                 	.CSEG
                 _LCD_Clear:
                 ; .FSTART _LCD_Clear
00013a e0a1      	LDI  R26,LOW(1)
00013b dfcd      	RCALL _LCD_Comm
00013c e0a2      	LDI  R26,LOW(2)
00013d dfd2      	RCALL _LCD_delay
00013e 9508      	RET
                 ; .FEND
                 _LCD_Init:
                 ; .FSTART _LCD_Init
00013f dfbc      	RCALL _LCD_PORT_Init
000140 d050      	RCALL SUBOPT_0x3
000141 d04f      	RCALL SUBOPT_0x3
000142 d04e      	RCALL SUBOPT_0x3
000143 e0ae      	LDI  R26,LOW(14)
000144 dfc4      	RCALL _LCD_Comm
000145 e0a4      	LDI  R26,LOW(4)
000146 dfc9      	RCALL _LCD_delay
000147 e0a6      	LDI  R26,LOW(6)
000148 dfc0      	RCALL _LCD_Comm
000149 e0a4      	LDI  R26,LOW(4)
00014a dfc5      	RCALL _LCD_delay
00014b dfee      	RCALL _LCD_Clear
00014c 9508      	RET
                 ; .FEND
                 ;	p -> R17
                 ;	p -> R17
                 ;void main(void)
                 ; 0000 0012 {
                 _main:
                 ; .FSTART _main
                 ; 0000 0013 unsigned char ch = 0;
                 ; 0000 0014 int pos_count = 10;
                 ; 0000 0015 int size;
                 ; 0000 0016 
                 ; 0000 0017 LCD_Init();
                 ;	ch -> R17
                 ;	pos_count -> R18,R19
                 ;	size -> R20,R21
00014d e010      	LDI  R17,0
                +
00014e e02a     +LDI R18 , LOW ( 10 )
00014f e030     +LDI R19 , HIGH ( 10 )
                 	__GETWRN 18,19,10
000150 dfee      	RCALL _LCD_Init
                 ; 0000 0018 LCD_Str("I2C Slave Init");
                +
000151 e1a5     +LDI R26 , LOW ( _0x29 + ( 0 ) )
000152 e0b5     +LDI R27 , HIGH ( _0x29 + ( 0 ) )
                 	__POINTW2MN _0x29,0
000153 dfd7      	RCALL _LCD_Str
                 ; 0000 0019 LCD_Pos(1,0);
000154 e0e1      	LDI  R30,LOW(1)
000155 93ea      	ST   -Y,R30
000156 e0a0      	LDI  R26,LOW(0)
000157 dfbc      	RCALL _LCD_Pos
                 ; 0000 001A LCD_Str("Received-> ");
                +
000158 e2a4     +LDI R26 , LOW ( _0x29 + ( 15 ) )
000159 e0b5     +LDI R27 , HIGH ( _0x29 + ( 15 ) )
                 	__POINTW2MN _0x29,15
00015a dfd0      	RCALL _LCD_Str
                 ; 0000 001B 
                 ; 0000 001C size = sizeof("123");
                +
00015b e044     +LDI R20 , LOW ( 4 )
00015c e050     +LDI R21 , HIGH ( 4 )
                 	__GETWRN 20,21,4
                 ; 0000 001D 
                 ; 0000 001E Init_TWI();
00015d df3e      	RCALL _Init_TWI
                 ; 0000 001F Init_TWI_Slaveaddr(SLAVE_ADDR);
00015e 2da5      	MOV  R26,R5
00015f df60      	RCALL _Init_TWI_Slaveaddr
                 ; 0000 0020 while (1)
                 _0x2A:
                 ; 0000 0021 {
                 ; 0000 0022 // Please write your application code here
                 ; 0000 0023 
                 ; 0000 0024 if(TWI_Slave_Receive(&ch) ==0)
000160 b7ad      	IN   R26,SPL
000161 b7be      	IN   R27,SPH
000162 931f      	PUSH R17
000163 df7b      	RCALL _TWI_Slave_Receive
000164 911f      	POP  R17
000165 30e0      	CPI  R30,0
000166 f441      	BRNE _0x2D
                 ; 0000 0025 {
                 ; 0000 0026 LCD_Pos(1,pos_count);
000167 e0e1      	LDI  R30,LOW(1)
000168 93ea      	ST   -Y,R30
000169 2fa2      	MOV  R26,R18
00016a dfa9      	RCALL _LCD_Pos
                 ; 0000 0027 LCD_Char(ch);
00016b 2fa1      	MOV  R26,R17
00016c dfb6      	RCALL _LCD_Char
                 ; 0000 0028 pos_count++;
                +
00016d 5f2f     +SUBI R18 , LOW ( - 1 )
00016e 4f3f     +SBCI R19 , HIGH ( - 1 )
                 	__ADDWRN 18,19,1
                 ; 0000 0029 }
                 ; 0000 002A 
                 ; 0000 002B if (pos_count > 15) pos_count =10;
                 _0x2D:
                +
00016f 3120     +CPI R18 , LOW ( 16 )
000170 e0e0     +LDI R30 , HIGH ( 16 )
000171 073e     +CPC R19 , R30
                 	__CPWRN 18,19,16
000172 f014      	BRLT _0x2E
                +
000173 e02a     +LDI R18 , LOW ( 10 )
000174 e030     +LDI R19 , HIGH ( 10 )
                 	__GETWRN 18,19,10
                 ; 0000 002C 
                 ; 0000 002D }
                 _0x2E:
000175 cfea      	RJMP _0x2A
                 ; 0000 002E }
                 _0x2F:
000176 cfff      	RJMP _0x2F
                 ; .FEND
                 
                 	.DSEG
                 _0x29:
000515           	.BYTE 0x1B
                 
                 	.CSEG
                 ;OPTIMIZER ADDED SUBROUTINE, CALLED 2 TIMES, CODE SIZE REDUCTION:1 WORDS
                 SUBOPT_0x0:
000177 931a      	ST   -Y,R17
000178 2f1a      	MOV  R17,R26
000179 91e0 0065 	LDS  R30,101
00017b 9508      	RET
                 
                 ;OPTIMIZER ADDED SUBROUTINE, CALLED 4 TIMES, CODE SIZE REDUCTION:7 WORDS
                 SUBOPT_0x1:
00017c 93e0 0065 	STS  101,R30
00017e 91e0 0065 	LDS  R30,101
000180 9508      	RET
                 
                 ;OPTIMIZER ADDED SUBROUTINE, CALLED 2 TIMES, CODE SIZE REDUCTION:12 WORDS
                 SUBOPT_0x2:
000181 60e1      	ORI  R30,1
000182 93e0 0065 	STS  101,R30
                +
000184 ef86     +LDI R24 , LOW ( 246 )
                +__DELAY_USB_LOOP :
000185 958a     +DEC R24
000186 f7f1     +BRNE __DELAY_USB_LOOP
                 	__DELAY_USB 246
000187 bb1b      	OUT  0x1B,R17
                +
000188 ef86     +LDI R24 , LOW ( 246 )
                +__DELAY_USB_LOOP :
000189 958a     +DEC R24
00018a f7f1     +BRNE __DELAY_USB_LOOP
                 	__DELAY_USB 246
00018b 91e0 0065 	LDS  R30,101
00018d 7fee      	ANDI R30,0xFE
00018e 93e0 0065 	STS  101,R30
000190 9508      	RET
                 
                 ;OPTIMIZER ADDED SUBROUTINE, CALLED 3 TIMES, CODE SIZE REDUCTION:4 WORDS
                 SUBOPT_0x3:
000191 e3a8      	LDI  R26,LOW(56)
000192 df76      	RCALL _LCD_Comm
000193 e0a4      	LDI  R26,LOW(4)
000194 cf7b      	RJMP _LCD_delay
                 
                 ;RUNTIME LIBRARY
                 
                 	.CSEG
                 __SAVELOCR4:
000195 933a      	ST   -Y,R19
                 __SAVELOCR3:
000196 932a      	ST   -Y,R18
                 __SAVELOCR2:
000197 931a      	ST   -Y,R17
000198 930a      	ST   -Y,R16
000199 9508      	RET
                 
                 __LOADLOCR4:
00019a 813b      	LDD  R19,Y+3
                 __LOADLOCR3:
00019b 812a      	LDD  R18,Y+2
                 __LOADLOCR2:
00019c 8119      	LDD  R17,Y+1
00019d 8108      	LD   R16,Y
00019e 9508      	RET
                 
                 _delay_ms:
00019f 9610      	adiw r26,0
0001a0 f039      	breq __delay_ms1
                 __delay_ms0:
0001a1 95a8      	wdr
                +
0001a2 e686     +LDI R24 , LOW ( 0xE66 )
0001a3 e09e     +LDI R25 , HIGH ( 0xE66 )
                +__DELAY_USW_LOOP :
0001a4 9701     +SBIW R24 , 1
0001a5 f7f1     +BRNE __DELAY_USW_LOOP
                 	__DELAY_USW 0xE66
0001a6 9711      	sbiw r26,1
0001a7 f7c9      	brne __delay_ms0
                 __delay_ms1:
0001a8 9508      	ret
                 
                 ;END OF CODE MARKER
                 __END_OF_CODE:


RESOURCE USE INFORMATION
------------------------

Notice:
The register and instruction counts are symbol table hit counts,
and hence implicitly used resources are not counted, eg, the
'lpm' instruction without operands implicitly uses r0 and z,
none of which are counted.

x,y,z are separate entities in the symbol table and are
counted separately from r26..r31 here.

.dseg memory usage only counts static data declared with .byte

ATmega128 register use summary:
r0 :   5 r1 :   1 r2 :   0 r3 :   0 r4 :   0 r5 :   1 r6 :   0 r7 :   0 
r8 :   0 r9 :   0 r10:   0 r11:   0 r12:   0 r13:   0 r14:   0 r15:   0 
r16:  17 r17:  36 r18:  10 r19:   8 r20:   1 r21:   1 r22:   2 r23:   0 
r24:  14 r25:   3 r26:  42 r27:  10 r28:   3 r29:   1 r30:  72 r31:   3 
x  :   6 y  :  24 z  :   7 
Registers used: 21 out of 35 (60.0%)

ATmega128 instruction use summary:
.lds  :   0 .lds.l:   0 .sts  :   0 .sts.l:   0 adc   :   0 add   :   1 
adiw  :   3 and   :   0 andi  :   6 asr   :   0 bclr  :   0 bld   :   0 
brbc  :   0 brbs  :   0 brcc  :   0 brcs  :   0 break :   0 breq  :   8 
brge  :   0 brhc  :   0 brhs  :   0 brid  :   0 brie  :   0 brlo  :   1 
brlt  :   1 brmi  :   0 brne  :   9 brpl  :   0 brsh  :   0 brtc  :   0 
brts  :   0 brvc  :   0 brvs  :   0 bset  :   0 bst   :   0 call  :   0 
cbi   :   0 cbr   :   0 clc   :   0 clh   :   0 cli   :   1 cln   :   0 
clr   :   3 cls   :   0 clt   :   0 clv   :   0 clz   :   0 com   :   0 
cp    :   1 cpc   :   2 cpi   :   8 cpse  :   0 dec   :   3 des   :   0 
elpm  :   0 eor   :   0 fmul  :   0 fmuls :   0 fmulsu:   0 icall :   0 
ijmp  :   0 in    :   4 inc   :   0 jmp   :  36 ld    :   6 ldd   :   6 
ldi   :  62 lds   :   6 lpm   :   7 lsl   :   0 lsr   :   0 mov   :  15 
movw  :  10 mul   :   0 muls  :   1 mulsu :   0 neg   :   0 nop   :   0 
or    :   0 ori   :   3 out   :   8 pop   :   2 push  :   2 rcall :  42 
ret   :  15 reti  :   0 rjmp  :  19 rol   :   0 ror   :   0 sbc   :   0 
sbci  :   3 sbi   :   0 sbic  :   0 sbis  :   0 sbiw  :   5 sbr   :   0 
sbrc  :   0 sbrs  :   0 sec   :   0 seh   :   0 sei   :   0 sen   :   0 
ser   :   0 ses   :   0 set   :   0 sev   :   0 sez   :   0 sleep :   0 
spm   :   0 st    :  18 std   :   0 sts   :  12 sub   :   0 subi  :   3 
swap  :   0 tst   :   0 wdr   :   1 
Instructions used: 36 out of 117 (30.8%)

ATmega128 memory use summary [bytes]:
Segment   Begin    End      Code   Data   Used    Size   Use%
---------------------------------------------------------------
[.cseg] 0x000000 0x000352    774     76    850  131072   0.6%
[.dseg] 0x000100 0x000530      0     48     48    4096   1.2%
[.eseg] 0x000000 0x000000      0      0      0    4096   0.0%

Assembly complete, 0 errors, 2 warnings
